<?xml version="1.0" encoding="UTF-8"?>
<testsuite xmlns:xsi="http://www.w3.org/2001/XMLSchema-instance" xsi:noNamespaceSchemaLocation="https://maven.apache.org/surefire/maven-surefire-plugin/xsd/surefire-test-report-3.0.xsd" version="3.0" name="com.ecom.productservice.ProductServiceApplicationTests" time="29.642" tests="1" errors="0" skipped="0" failures="0">
  <properties>
[...]
</properties>
  <testcase name="createProductTest" classname="com.ecom.productservice.ProductServiceApplicationTests" time="0.488">
    <system-out><![CDATA[17:46:01.140 [main] INFO org.springframework.test.context.support.AnnotationConfigContextLoaderUtils -- Could not detect default configuration classes for test class [com.ecom.productservice.ProductServiceApplicationTests]: ProductServiceApplicationTests does not declare any static, non-private, non-final, nested classes annotated with @Configuration.
17:46:01.181 [main] INFO org.springframework.boot.test.context.SpringBootTestContextBootstrapper -- Found @SpringBootConfiguration com.ecom.productservice.ProductServiceApplication for test class com.ecom.productservice.ProductServiceApplicationTests
17:46:01.248 [main] INFO org.testcontainers.utility.ImageNameSubstitutor -- Image name substitution will be performed by: DefaultImageNameSubstitutor (composite of 'ConfigurationFileImageNameSubstitutor' and 'PrefixingImageNameSubstitutor')
17:46:01.357 [main] INFO org.testcontainers.dockerclient.DockerClientProviderStrategy -- Loaded org.testcontainers.dockerclient.UnixSocketClientProviderStrategy from ~/.testcontainers.properties, will try it first
17:46:01.497 [main] INFO org.testcontainers.dockerclient.DockerClientProviderStrategy -- Found Docker environment with local Unix socket (unix:///var/run/docker.sock)
17:46:01.498 [main] INFO org.testcontainers.DockerClientFactory -- Docker host IP address is localhost
17:46:01.512 [main] INFO org.testcontainers.DockerClientFactory -- Connected to docker: 
  Server Version: 24.0.2
  API Version: 1.43
  Operating System: Docker Desktop
  Total Memory: 7851 MB
17:46:01.527 [main] INFO tc.testcontainers/ryuk:0.5.1 -- Creating container for image: testcontainers/ryuk:0.5.1
17:46:01.886 [main] INFO org.testcontainers.utility.RegistryAuthLocator -- Credential helper/store (docker-credential-desktop) does not have credentials for https://index.docker.io/v1/
17:46:01.956 [main] INFO tc.testcontainers/ryuk:0.5.1 -- Container testcontainers/ryuk:0.5.1 is starting: 6ddeb26475b339a022a13886f0b250dfc1b0d722ae888d2fe9431b63e3b54a40
17:46:02.228 [main] INFO tc.testcontainers/ryuk:0.5.1 -- Container testcontainers/ryuk:0.5.1 started in PT0.711432S
17:46:02.234 [main] INFO org.testcontainers.utility.RyukResourceReaper -- Ryuk started - will monitor and terminate Testcontainers containers on JVM exit
17:46:02.234 [main] INFO org.testcontainers.DockerClientFactory -- Checking the system...
17:46:02.235 [main] INFO org.testcontainers.DockerClientFactory -- ✔︎ Docker server version should be at least 1.6.0
17:46:02.238 [main] INFO tc.mysql:latest -- Creating container for image: mysql:latest
17:46:02.289 [main] INFO tc.mysql:latest -- Container mysql:latest is starting: 9d3a87f036b9e47bd61414ff3dd9cf90d2246fa376b77a49d91be5f4507ae80a
17:46:02.444 [main] INFO tc.mysql:latest -- Waiting for database connection to become available at jdbc:mysql://localhost:49502/test using query 'SELECT 1'
17:46:10.212 [main] INFO tc.mysql:latest -- Container mysql:latest started in PT7.973498S
17:46:10.212 [main] INFO tc.mysql:latest -- Container is started (JDBC URL: jdbc:mysql://localhost:49502/test)

  .   ____          _            __ _ _
 /\\ / ___'_ __ _ _(_)_ __  __ _ \ \ \ \
( ( )\___ | '_ | '_| | '_ \/ _` | \ \ \ \
 \\/  ___)| |_)| | | | | || (_| |  ) ) ) )
  '  |____| .__|_| |_|_| |_\__, | / / / /
 =========|_|==============|___/=/_/_/_/
 :: Spring Boot ::                (v3.1.0)

2023-06-07T17:46:10.358+01:00  INFO 23047 --- [           main] c.e.p.ProductServiceApplicationTests     : Starting ProductServiceApplicationTests using Java 17.0.6 with PID 23047 (started by hathanhtung in /Users/hathanhtung/Documents/GitHub/microservices/product-service)
2023-06-07T17:46:10.359+01:00  INFO 23047 --- [           main] c.e.p.ProductServiceApplicationTests     : No active profile set, falling back to 1 default profile: "default"
2023-06-07T17:46:10.607+01:00  INFO 23047 --- [           main] .s.d.r.c.RepositoryConfigurationDelegate : Bootstrapping Spring Data JPA repositories in DEFAULT mode.
2023-06-07T17:46:10.632+01:00  INFO 23047 --- [           main] .s.d.r.c.RepositoryConfigurationDelegate : Finished Spring Data repository scanning in 21 ms. Found 1 JPA repository interfaces.
2023-06-07T17:46:10.822+01:00  INFO 23047 --- [           main] o.hibernate.jpa.internal.util.LogHelper  : HHH000204: Processing PersistenceUnitInfo [name: default]
2023-06-07T17:46:10.848+01:00  INFO 23047 --- [           main] org.hibernate.Version                    : HHH000412: Hibernate ORM core version 6.2.2.Final
2023-06-07T17:46:10.849+01:00  INFO 23047 --- [           main] org.hibernate.cfg.Environment            : HHH000406: Using bytecode reflection optimizer
2023-06-07T17:46:10.913+01:00  INFO 23047 --- [           main] o.h.b.i.BytecodeProviderInitiator        : HHH000021: Bytecode provider name : bytebuddy
2023-06-07T17:46:10.980+01:00  INFO 23047 --- [           main] o.s.o.j.p.SpringPersistenceUnitInfo      : No LoadTimeWeaver setup: ignoring JPA class transformer
2023-06-07T17:46:10.989+01:00  INFO 23047 --- [           main] com.zaxxer.hikari.HikariDataSource       : HikariPool-1 - Starting...
2023-06-07T17:46:10.995+01:00  INFO 23047 --- [           main] tc.mysql:5.7.34                          : Creating container for image: mysql:5.7.34
2023-06-07T17:46:11.030+01:00  INFO 23047 --- [           main] tc.mysql:5.7.34                          : Container mysql:5.7.34 is starting: 8489f5f4487d450aa66b20a7267ac36acb915540025d61461a5e790c9d2f57a5
2023-06-07T17:46:11.182+01:00  WARN 23047 --- [           main] tc.mysql:5.7.34                          : The architecture 'amd64' for image 'mysql:5.7.34' (ID sha256:09361feeb4753ac9da80ead4d46e2b21247712c13c9ee3f1e5d55630c64c544f) does not match the Docker server architecture 'arm64'. This will cause the container to execute much more slowly due to emulation and may lead to timeout failures.
2023-06-07T17:46:11.183+01:00  INFO 23047 --- [           main] tc.mysql:5.7.34                          : Waiting for database connection to become available at jdbc:mysql://localhost:49573/test using query 'SELECT 1'
2023-06-07T17:46:29.340+01:00  INFO 23047 --- [           main] tc.mysql:5.7.34                          : Container mysql:5.7.34 started in PT18.345362S
2023-06-07T17:46:29.341+01:00  INFO 23047 --- [           main] tc.mysql:5.7.34                          : Container is started (JDBC URL: jdbc:mysql://localhost:49573/test)
2023-06-07T17:46:29.355+01:00  INFO 23047 --- [           main] com.zaxxer.hikari.pool.HikariPool        : HikariPool-1 - Added connection org.testcontainers.jdbc.ConnectionWrapper@41404aa2
2023-06-07T17:46:29.357+01:00  INFO 23047 --- [           main] com.zaxxer.hikari.HikariDataSource       : HikariPool-1 - Start completed.
2023-06-07T17:46:29.381+01:00  INFO 23047 --- [           main] org.hibernate.orm.dialect                : HHH035001: Using dialect: org.hibernate.dialect.MySQLDialect, version: 5.7.34
2023-06-07T17:46:29.478+01:00  INFO 23047 --- [           main] o.h.b.i.BytecodeProviderInitiator        : HHH000021: Bytecode provider name : bytebuddy
2023-06-07T17:46:29.790+01:00  INFO 23047 --- [           main] o.h.e.t.j.p.i.JtaPlatformInitiator       : HHH000490: Using JtaPlatform implementation: [org.hibernate.engine.transaction.jta.platform.internal.NoJtaPlatform]
2023-06-07T17:46:29.835+01:00  INFO 23047 --- [           main] o.h.t.s.i.e.GenerationTargetToDatabase   : HHH000476: Executing script '[injected ScriptSourceInputNonExistentImpl script]'
2023-06-07T17:46:29.836+01:00  INFO 23047 --- [           main] j.LocalContainerEntityManagerFactoryBean : Initialized JPA EntityManagerFactory for persistence unit 'default'
2023-06-07T17:46:30.039+01:00  WARN 23047 --- [           main] JpaBaseConfiguration$JpaWebConfiguration : spring.jpa.open-in-view is enabled by default. Therefore, database queries may be performed during view rendering. Explicitly configure spring.jpa.open-in-view to disable this warning
2023-06-07T17:46:30.199+01:00  INFO 23047 --- [           main] o.s.b.t.m.w.SpringBootMockServletContext : Initializing Spring TestDispatcherServlet ''
2023-06-07T17:46:30.199+01:00  INFO 23047 --- [           main] o.s.t.web.servlet.TestDispatcherServlet  : Initializing Servlet ''
2023-06-07T17:46:30.200+01:00  INFO 23047 --- [           main] o.s.t.web.servlet.TestDispatcherServlet  : Completed initialization in 0 ms
2023-06-07T17:46:30.211+01:00  INFO 23047 --- [           main] c.e.p.ProductServiceApplicationTests     : Started ProductServiceApplicationTests in 19.981 seconds (process running for 29.379)
2023-06-07T17:46:30.563+01:00  INFO 23047 --- [           main] c.e.p.controller.ProductController       : Received Request createSmartPhone
2023-06-07T17:46:30.687+01:00  INFO 23047 --- [           main] c.e.p.service.ProductService             : Model iPhone 13 is added to Database!
]]></system-out>
  </testcase>
</testsuite>